<?xml version="1.0" encoding="UTF-8"?>
<!-- Generated by org.testng.reporters.JUnitReportReporter -->
<testsuite hostname="JAY-REDDY" name="com.AOL.testcases.AolTest" tests="2" failures="0" timestamp="27 Sep 2015 18:57:42 GMT" time="6.634" errors="0">
  <testcase name="verifyinglinks" time="0.764" classname="com.AOL.testcases.AolTest"/>
  <testcase name="searchAolAutos" time="5.870" classname="com.AOL.testcases.AolTest"/>
</testsuite> <!-- com.AOL.testcases.AolTest -->
